
> my-app@0.1.0 start /app
> react-scripts start

(node:2495) [DEP_WEBPACK_DEV_SERVER_ON_AFTER_SETUP_MIDDLEWARE] DeprecationWarning: 'onAfterSetupMiddleware' option is deprecated. Please use the 'setupMiddlewares' option.
(Use `node --trace-deprecation ...` to show where the warning was created)
(node:2495) [DEP_WEBPACK_DEV_SERVER_ON_BEFORE_SETUP_MIDDLEWARE] DeprecationWarning: 'onBeforeSetupMiddleware' option is deprecated. Please use the 'setupMiddlewares' option.
Starting the development server...

Compiled successfully!

You can now view my-app in the browser.

  Local:            http://localhost:3000
  On Your Network:  http://192.168.0.2:3000

Note that the development build is not optimized.
To create a production build, use npm run build.

webpack compiled successfully
ERROR in src/App.a11y.test.tsx:18:53
TS2339: Property 'toBeInTheDocument' does not exist on type 'JestMatchers<HTMLElement>'.
    16 |
    17 |   // Window controls
  > 18 |   expect(screen.getByLabelText(/Reload terminal/i)).toBeInTheDocument();
       |                                                     ^^^^^^^^^^^^^^^^^
    19 |
    20 |   // We have multiple buttons with "Maximize window" label (one in traffic lights, one in header)
    21 |   const maximizeButtons = screen.getAllByLabelText(/Maximize window/i);

ERROR in src/App.a11y.test.tsx:35:22
TS2339: Property 'toBeInTheDocument' does not exist on type 'JestMatchers<HTMLElement>'.
    33 |   // Dock buttons
    34 |   const homeButton = screen.getByLabelText(/Navigate to home/i);
  > 35 |   expect(homeButton).toBeInTheDocument();
       |                      ^^^^^^^^^^^^^^^^^
    36 |
    37 |   const aboutButton = screen.getByLabelText(/Navigate to about/i);
    38 |   expect(aboutButton).toBeInTheDocument();

ERROR in src/App.a11y.test.tsx:38:23
TS2339: Property 'toBeInTheDocument' does not exist on type 'JestMatchers<HTMLElement>'.
    36 |
    37 |   const aboutButton = screen.getByLabelText(/Navigate to about/i);
  > 38 |   expect(aboutButton).toBeInTheDocument();
       |                       ^^^^^^^^^^^^^^^^^
    39 |
    40 |   const skillsButton = screen.getByLabelText(/Navigate to skills/i);
    41 |   expect(skillsButton).toBeInTheDocument();

ERROR in src/App.a11y.test.tsx:41:24
TS2339: Property 'toBeInTheDocument' does not exist on type 'JestMatchers<HTMLElement>'.
    39 |
    40 |   const skillsButton = screen.getByLabelText(/Navigate to skills/i);
  > 41 |   expect(skillsButton).toBeInTheDocument();
       |                        ^^^^^^^^^^^^^^^^^
    42 |
    43 |   const projectsButton = screen.getByLabelText(/Navigate to projects/i);
    44 |   expect(projectsButton).toBeInTheDocument();

ERROR in src/App.a11y.test.tsx:44:26
TS2339: Property 'toBeInTheDocument' does not exist on type 'JestMatchers<HTMLElement>'.
    42 |
    43 |   const projectsButton = screen.getByLabelText(/Navigate to projects/i);
  > 44 |   expect(projectsButton).toBeInTheDocument();
       |                          ^^^^^^^^^^^^^^^^^
    45 |
    46 |   const contactButton = screen.getByLabelText(/Navigate to contact/i);
    47 |   expect(contactButton).toBeInTheDocument();

ERROR in src/App.a11y.test.tsx:47:25
TS2339: Property 'toBeInTheDocument' does not exist on type 'JestMatchers<HTMLElement>'.
    45 |
    46 |   const contactButton = screen.getByLabelText(/Navigate to contact/i);
  > 47 |   expect(contactButton).toBeInTheDocument();
       |                         ^^^^^^^^^^^^^^^^^
    48 |
    49 |   const proxaiButton = screen.getByLabelText(/Navigate to proxai/i);
    50 |   expect(proxaiButton).toBeInTheDocument();

ERROR in src/App.a11y.test.tsx:50:24
TS2339: Property 'toBeInTheDocument' does not exist on type 'JestMatchers<HTMLElement>'.
    48 |
    49 |   const proxaiButton = screen.getByLabelText(/Navigate to proxai/i);
  > 50 |   expect(proxaiButton).toBeInTheDocument();
       |                        ^^^^^^^^^^^^^^^^^
    51 | });
    52 |
    53 | test('ProxAI accessibility', () => {

ERROR in src/App.a11y.test.tsx:61:58
TS2339: Property 'toBeInTheDocument' does not exist on type 'JestMatchers<HTMLElement>'.
    59 |
    60 |   // Now input should be visible
  > 61 |   expect(screen.getByLabelText(/ProxAI Command Input/i)).toBeInTheDocument();
       |                                                          ^^^^^^^^^^^^^^^^^
    62 |   expect(screen.getByLabelText(/Send command/i)).toBeInTheDocument();
    63 | });
    64 |

ERROR in src/App.a11y.test.tsx:62:50
TS2339: Property 'toBeInTheDocument' does not exist on type 'JestMatchers<HTMLElement>'.
    60 |   // Now input should be visible
    61 |   expect(screen.getByLabelText(/ProxAI Command Input/i)).toBeInTheDocument();
  > 62 |   expect(screen.getByLabelText(/Send command/i)).toBeInTheDocument();
       |                                                  ^^^^^^^^^^^^^^^^^
    63 | });
    64 |
    65 | test('Contact accessibility', () => {

ERROR in src/App.test.tsx:8:26
TS2339: Property 'toBeInTheDocument' does not exist on type 'JestMatchers<HTMLElement>'.
     6 |   render(<App />);
     7 |   const headingElement = screen.getByRole('heading', { name: /Preshak/i });
  >  8 |   expect(headingElement).toBeInTheDocument();
       |                          ^^^^^^^^^^^^^^^^^
     9 | });
    10 |

Compiling...
Compiled successfully!
webpack compiled successfully
ERROR in src/App.a11y.test.tsx:19:53
TS2339: Property 'toBeInTheDocument' does not exist on type 'JestMatchers<HTMLElement>'.
    17 |
    18 |   // Window controls
  > 19 |   expect(screen.getByLabelText(/Reload terminal/i)).toBeInTheDocument();
       |                                                     ^^^^^^^^^^^^^^^^^
    20 |
    21 |   // We have multiple buttons with "Maximize window" label (one in traffic lights, one in header)
    22 |   const maximizeButtons = screen.getAllByLabelText(/Maximize window/i);

ERROR in src/App.a11y.test.tsx:36:22
TS2339: Property 'toBeInTheDocument' does not exist on type 'JestMatchers<HTMLElement>'.
    34 |   // Dock buttons
    35 |   const homeButton = screen.getByLabelText(/Navigate to home/i);
  > 36 |   expect(homeButton).toBeInTheDocument();
       |                      ^^^^^^^^^^^^^^^^^
    37 |
    38 |   const aboutButton = screen.getByLabelText(/Navigate to about/i);
    39 |   expect(aboutButton).toBeInTheDocument();

ERROR in src/App.a11y.test.tsx:39:23
TS2339: Property 'toBeInTheDocument' does not exist on type 'JestMatchers<HTMLElement>'.
    37 |
    38 |   const aboutButton = screen.getByLabelText(/Navigate to about/i);
  > 39 |   expect(aboutButton).toBeInTheDocument();
       |                       ^^^^^^^^^^^^^^^^^
    40 |
    41 |   const skillsButton = screen.getByLabelText(/Navigate to skills/i);
    42 |   expect(skillsButton).toBeInTheDocument();

ERROR in src/App.a11y.test.tsx:42:24
TS2339: Property 'toBeInTheDocument' does not exist on type 'JestMatchers<HTMLElement>'.
    40 |
    41 |   const skillsButton = screen.getByLabelText(/Navigate to skills/i);
  > 42 |   expect(skillsButton).toBeInTheDocument();
       |                        ^^^^^^^^^^^^^^^^^
    43 |
    44 |   const projectsButton = screen.getByLabelText(/Navigate to projects/i);
    45 |   expect(projectsButton).toBeInTheDocument();

ERROR in src/App.a11y.test.tsx:45:26
TS2339: Property 'toBeInTheDocument' does not exist on type 'JestMatchers<HTMLElement>'.
    43 |
    44 |   const projectsButton = screen.getByLabelText(/Navigate to projects/i);
  > 45 |   expect(projectsButton).toBeInTheDocument();
       |                          ^^^^^^^^^^^^^^^^^
    46 |
    47 |   const contactButton = screen.getByLabelText(/Navigate to contact/i);
    48 |   expect(contactButton).toBeInTheDocument();

ERROR in src/App.a11y.test.tsx:48:25
TS2339: Property 'toBeInTheDocument' does not exist on type 'JestMatchers<HTMLElement>'.
    46 |
    47 |   const contactButton = screen.getByLabelText(/Navigate to contact/i);
  > 48 |   expect(contactButton).toBeInTheDocument();
       |                         ^^^^^^^^^^^^^^^^^
    49 |
    50 |   const proxaiButton = screen.getByLabelText(/Navigate to proxai/i);
    51 |   expect(proxaiButton).toBeInTheDocument();

ERROR in src/App.a11y.test.tsx:51:24
TS2339: Property 'toBeInTheDocument' does not exist on type 'JestMatchers<HTMLElement>'.
    49 |
    50 |   const proxaiButton = screen.getByLabelText(/Navigate to proxai/i);
  > 51 |   expect(proxaiButton).toBeInTheDocument();
       |                        ^^^^^^^^^^^^^^^^^
    52 | });
    53 |
    54 | test('ProxAI accessibility', () => {

ERROR in src/App.a11y.test.tsx:62:58
TS2339: Property 'toBeInTheDocument' does not exist on type 'JestMatchers<HTMLElement>'.
    60 |
    61 |   // Now input should be visible
  > 62 |   expect(screen.getByLabelText(/ProxAI Command Input/i)).toBeInTheDocument();
       |                                                          ^^^^^^^^^^^^^^^^^
    63 |   expect(screen.getByLabelText(/Send command/i)).toBeInTheDocument();
    64 | });
    65 |

ERROR in src/App.a11y.test.tsx:63:50
TS2339: Property 'toBeInTheDocument' does not exist on type 'JestMatchers<HTMLElement>'.
    61 |   // Now input should be visible
    62 |   expect(screen.getByLabelText(/ProxAI Command Input/i)).toBeInTheDocument();
  > 63 |   expect(screen.getByLabelText(/Send command/i)).toBeInTheDocument();
       |                                                  ^^^^^^^^^^^^^^^^^
    64 | });
    65 |
    66 | test('Contact accessibility', () => {

ERROR in src/App.test.tsx:8:26
TS2339: Property 'toBeInTheDocument' does not exist on type 'JestMatchers<HTMLElement>'.
     6 |   render(<App />);
     7 |   const headingElement = screen.getByRole('heading', { name: /Preshak/i });
  >  8 |   expect(headingElement).toBeInTheDocument();
       |                          ^^^^^^^^^^^^^^^^^
     9 | });
    10 |
