
> my-app@0.1.0 start
> react-scripts start

(node:2007) [DEP_WEBPACK_DEV_SERVER_ON_AFTER_SETUP_MIDDLEWARE] DeprecationWarning: 'onAfterSetupMiddleware' option is deprecated. Please use the 'setupMiddlewares' option.
(Use `node --trace-deprecation ...` to show where the warning was created)
(node:2007) [DEP_WEBPACK_DEV_SERVER_ON_BEFORE_SETUP_MIDDLEWARE] DeprecationWarning: 'onBeforeSetupMiddleware' option is deprecated. Please use the 'setupMiddlewares' option.
Starting the development server...

Compiled successfully!

You can now view my-app in the browser.

  Local:            http://localhost:3000
  On Your Network:  http://192.168.0.2:3000

Note that the development build is not optimized.
To create a production build, use npm run build.

webpack compiled successfully
ERROR in src/App.test.tsx:8:26
TS2339: Property 'toBeInTheDocument' does not exist on type 'JestMatchers<HTMLElement>'.
     6 |   render(<App />);
     7 |   const headingElement = screen.getByRole('heading', { name: /Preshak/i });
  >  8 |   expect(headingElement).toBeInTheDocument();
       |                          ^^^^^^^^^^^^^^^^^
     9 | });
    10 |

Compiling...
Compiled successfully!
webpack compiled successfully
No issues found.
npm notice
npm notice New minor version of npm available! 11.6.2 -> 11.7.0
npm notice Changelog: https://github.com/npm/cli/releases/tag/v11.7.0
npm notice To update run: npm install -g npm@11.7.0
npm notice
